[debug] [2022-03-04T19:25:47.112Z] ----------------------------------------------------------------------
[debug] [2022-03-04T19:25:47.118Z] Command:       /usr/bin/node /usr/bin/firebase init hosting:github
[debug] [2022-03-04T19:25:47.120Z] CLI Version:   10.2.2
[debug] [2022-03-04T19:25:47.120Z] Platform:      linux
[debug] [2022-03-04T19:25:47.120Z] Node Version:  v16.14.0
[debug] [2022-03-04T19:25:47.121Z] Time:          Sat Mar 05 2022 00:55:47 GMT+0530 (India Standard Time)
[debug] [2022-03-04T19:25:47.122Z] ----------------------------------------------------------------------
[debug] 
[debug] [2022-03-04T19:25:47.277Z] > command requires scopes: ["email","openid","https://www.googleapis.com/auth/cloudplatformprojects.readonly","https://www.googleapis.com/auth/firebase","https://www.googleapis.com/auth/cloud-platform"]
[debug] [2022-03-04T19:25:47.278Z] > authorizing via signed-in user (agathisj4@gmail.com)
[info] 
     ######## #### ########  ######## ########     ###     ######  ########
     ##        ##  ##     ## ##       ##     ##  ##   ##  ##       ##
     ######    ##  ########  ######   ########  #########  ######  ######
     ##        ##  ##    ##  ##       ##     ## ##     ##       ## ##
     ##       #### ##     ## ######## ########  ##     ##  ######  ########

You're about to initialize a Firebase project in this directory:

  /home/kutty_rowdy/Documents/Projects/portfolio-app-reactjs

Before we get started, keep in mind:

  * You are initializing within an existing Firebase project directory

[info] 
=== Project Setup
[info] 
[info] First, let's associate this project directory with a Firebase project.
[info] You can create multiple project aliases by running firebase use --add, 
[info] but for now we'll just set up a default project.
[info] 
[debug] [2022-03-04T19:25:47.290Z] Using project from CLI flag: fair-ripsaw-330409
[debug] [2022-03-04T19:25:47.297Z] >>> [apiv2][query] GET https://firebase.googleapis.com/v1beta1/projects/fair-ripsaw-330409 [none]
[debug] [2022-03-04T19:25:48.121Z] <<< [apiv2][status] GET https://firebase.googleapis.com/v1beta1/projects/fair-ripsaw-330409 200
[debug] [2022-03-04T19:25:48.122Z] <<< [apiv2][body] GET https://firebase.googleapis.com/v1beta1/projects/fair-ripsaw-330409 {"projectId":"fair-ripsaw-330409","projectNumber":"233792747580","displayName":"Portfolio Application","name":"projects/fair-ripsaw-330409","resources":{"hostingSite":"fair-ripsaw-330409"},"state":"ACTIVE"}
[info] i  Using project fair-ripsaw-330409 (Portfolio Application) 
[info] 
=== Hosting:github Setup
[info] 
[info] i  Detected a .git folder at /home/kutty_rowdy/Documents/Projects/portfolio-app-reactjs 
[info] i  Authorizing with GitHub to upload your service account to a GitHub repository's secrets store. 
[info] 
[info] Visit this URL on this device to log in:
[info] https://github.com/login/oauth/authorize?client_id=89cf50f02ac6aaed3484&state=389002858&redirect_uri=http%3A%2F%2Flocalhost%3A9005&scope=read%3Auser%20repo%20public_repo
[info] 
[info] Waiting for authentication...
[debug] [2022-03-04T19:25:49.812Z] >>> HTTP REQUEST POST https://github.com/login/oauth/access_token  
 {"client_id":"89cf50f02ac6aaed3484","client_secret":"3330d14abc895d9a74d5f17cd7a00711fa2c5bf0","code":"7f2a0e1413ca653ff744","redirect_uri":"http://localhost:9005","state":"389002858"}
[debug] [2022-03-04T19:25:50.507Z] <<< HTTP RESPONSE 200 {"server":"GitHub.com","date":"Fri, 04 Mar 2022 19:25:50 GMT","content-type":"application/json; charset=utf-8","transfer-encoding":"chunked","vary":"X-PJAX, X-PJAX-Container, Accept-Encoding, Accept, X-Requested-With","permissions-policy":"interest-cohort=()","etag":"W/\"7641b450ffc3fb1b753eba541eb0fd7b\"","cache-control":"max-age=0, private, must-revalidate","strict-transport-security":"max-age=31536000; includeSubdomains; preload","x-frame-options":"deny","x-content-type-options":"nosniff","x-xss-protection":"0","referrer-policy":"origin-when-cross-origin, strict-origin-when-cross-origin","expect-ct":"max-age=2592000, report-uri=\"https://api.github.com/_private/browser/errors\"","content-security-policy":"default-src 'none'; base-uri 'self'; block-all-mixed-content; child-src github.com/assets-cdn/worker/ gist.github.com/assets-cdn/worker/; connect-src 'self' uploads.github.com objects-origin.githubusercontent.com www.githubstatus.com collector.githubapp.com collector.github.com api.github.com github-cloud.s3.amazonaws.com github-production-repository-file-5c1aeb.s3.amazonaws.com github-production-upload-manifest-file-7fdce7.s3.amazonaws.com github-production-user-asset-6210df.s3.amazonaws.com cdn.optimizely.com logx.optimizely.com/v1/events translator.github.com wss://alive.github.com; font-src github.githubassets.com; form-action 'self' github.com gist.github.com objects-origin.githubusercontent.com; frame-ancestors 'none'; frame-src render.githubusercontent.com viewscreen.githubusercontent.com notebooks.githubusercontent.com; img-src 'self' data: github.githubassets.com identicons.github.com collector.githubapp.com collector.github.com github-cloud.s3.amazonaws.com secured-user-images.githubusercontent.com/ *.githubusercontent.com; manifest-src 'self'; media-src github.com user-images.githubusercontent.com/; script-src github.githubassets.com; style-src 'unsafe-inline' github.githubassets.com; worker-src github.com/assets-cdn/worker/ gist.github.com/assets-cdn/worker/","x-github-request-id":"6888:5C76:1243D47:14FF741:622267BD"}
[debug] [2022-03-04T19:25:50.539Z] >>> [apiv2][query] GET https://api.github.com/user [none]
[debug] [2022-03-04T19:25:51.307Z] <<< [apiv2][status] GET https://api.github.com/user 200
[debug] [2022-03-04T19:25:51.308Z] <<< [apiv2][body] GET https://api.github.com/user {"login":"agathiyans28","id":89172439,"node_id":"MDQ6VXNlcjg5MTcyNDM5","avatar_url":"https://avatars.githubusercontent.com/u/89172439?v=4","gravatar_id":"","url":"https://api.github.com/users/agathiyans28","html_url":"https://github.com/agathiyans28","followers_url":"https://api.github.com/users/agathiyans28/followers","following_url":"https://api.github.com/users/agathiyans28/following{/other_user}","gists_url":"https://api.github.com/users/agathiyans28/gists{/gist_id}","starred_url":"https://api.github.com/users/agathiyans28/starred{/owner}{/repo}","subscriptions_url":"https://api.github.com/users/agathiyans28/subscriptions","organizations_url":"https://api.github.com/users/agathiyans28/orgs","repos_url":"https://api.github.com/users/agathiyans28/repos","events_url":"https://api.github.com/users/agathiyans28/events{/privacy}","received_events_url":"https://api.github.com/users/agathiyans28/received_events","type":"User","site_admin":false,"name":"Agathiyan S","company":null,"blog":"","location":null,"email":null,"hireable":null,"bio":null,"twitter_username":null,"public_repos":2,"public_gists":0,"followers":0,"following":0,"created_at":"2021-08-19T01:38:01Z","updated_at":"2022-03-04T16:41:43Z","private_gists":0,"total_private_repos":0,"owned_private_repos":0,"disk_usage":1658,"collaborators":0,"two_factor_authentication":false,"plan":{"name":"free","space":976562499,"collaborators":0,"private_repos":10000}}
[info] 
[info] ✔  Success! Logged into GitHub as agathiyans28 
[info] 
